2020-06-05 15:49:56,072 - new_wx - INFO - {'userName': '%$^&*', 'password': 'test123'}
2020-06-05 15:49:56,084 - new_wx - INFO - {'error_code': 1, 'error_msg': '用户名或密码错误！'}
2020-06-05 15:49:56,085 - new_wx - INFO - 登录的用户名或者密码错误,传入的参数是{'userName': '%$^&*', 'password': 'test123'}
2020-06-05 15:49:56,089 - new_wx - INFO - {'userName': '我是用户名', 'password': 'test123'}
2020-06-05 15:49:56,095 - new_wx - INFO - {'error_code': 1, 'error_msg': '用户名或密码错误！'}
2020-06-05 15:49:56,095 - new_wx - INFO - 登录的用户名或者密码错误,传入的参数是{'userName': '我是用户名', 'password': 'test123'}
2020-06-05 15:49:56,095 - new_wx - INFO - {'userName': 'HUIO', 'password': 'test123'}
2020-06-05 15:49:56,100 - new_wx - INFO - {'error_code': 1, 'error_msg': '用户名或密码错误！'}
2020-06-05 15:49:56,101 - new_wx - INFO - 登录的用户名或者密码错误,传入的参数是{'userName': 'HUIO', 'password': 'test123'}
2020-06-05 15:49:56,101 - new_wx - INFO - {'userName': '%$^&*', 'password': 'test123'}
2020-06-05 15:49:56,105 - new_wx - INFO - {'error_code': 1, 'error_msg': '用户名或密码错误！'}
2020-06-05 15:49:56,105 - new_wx - INFO - 登录的用户名或者密码错误,传入的参数是{'userName': '%$^&*', 'password': 'test123'}
2020-06-05 15:49:56,106 - new_wx - INFO - {'userName': '12345', 'password': 'test123'}
2020-06-05 15:49:56,110 - new_wx - INFO - {'error_code': 1, 'error_msg': '用户名或密码错误！'}
2020-06-05 15:49:56,111 - new_wx - INFO - 登录的用户名或者密码错误,传入的参数是{'userName': '12345', 'password': 'test123'}
2020-06-05 15:49:56,111 - new_wx - INFO - {'userName': '123456', 'password': 'test123'}
2020-06-05 15:49:56,116 - new_wx - INFO - {'error_code': 1, 'error_msg': '用户名或密码错误！'}
2020-06-05 15:49:56,116 - new_wx - INFO - 登录的用户名或者密码错误,传入的参数是{'userName': '123456', 'password': 'test123'}
2020-06-05 15:49:56,116 - new_wx - INFO - {'userName': '123456457891', 'password': 'test123'}
2020-06-05 15:49:56,121 - new_wx - INFO - {'error_code': 1, 'error_msg': '用户名或密码错误！'}
2020-06-05 15:49:56,121 - new_wx - INFO - 登录的用户名或者密码错误,传入的参数是{'userName': '123456457891', 'password': 'test123'}
2020-06-05 15:49:56,121 - new_wx - INFO - {'userName': '1234564578912', 'password': 'test123'}
2020-06-05 15:49:56,126 - new_wx - INFO - {'error_code': 1, 'error_msg': '用户名或密码错误！'}
2020-06-05 15:49:56,126 - new_wx - INFO - 登录的用户名或者密码错误,传入的参数是{'userName': '1234564578912', 'password': 'test123'}
2020-06-05 15:49:56,126 - new_wx - INFO - {'userName': '1234564578912', 'password': 'test123'}
2020-06-05 15:49:56,131 - new_wx - INFO - {'error_code': 1, 'error_msg': '用户名或密码错误！'}
2020-06-05 15:49:56,131 - new_wx - INFO - 登录的用户名或者密码错误,传入的参数是{'userName': '1234564578912', 'password': 'test123'}
2020-06-05 15:49:56,131 - new_wx - INFO - {'userName': 'HUIO', 'password': 'test123'}
2020-06-05 15:49:56,136 - new_wx - INFO - {'error_code': 1, 'error_msg': '用户名或密码错误！'}
2020-06-05 15:49:56,136 - new_wx - INFO - 登录的用户名或者密码错误,传入的参数是{'userName': 'HUIO', 'password': 'test123'}
2020-06-05 15:49:56,136 - new_wx - INFO - {'userName': 'lynn', 'password': 'test123'}
2020-06-05 15:49:56,144 - new_wx - INFO - {'error_code': 0, 'error_msg': '登陆成功', 'data': {'userId': '7a524a84bc8c4310a1dce126d87175fa', 'userName': 'lynn', 'name': 'lynn', 'photo': 'uploadFiles/userphoto/2020/5/22/7a524a84bc8c4310a1dce126d87175fa/20200522143047484wst.png', 'rightsData': '1,9,2,10,3,11,4,12,14,5,15,16,17,18,7,20,8', 'roleId': '05f3953f97204c11a0d5288b2e0fdefa', 'roleName': '管理员超管', 'createTime': '0001-01-01 00:00:00', 'updateTime': '0001-01-01 00:00:00'}, 'token': 'eyJhbGciOiJIUzI1NiIsInR5cCI6IkpXVCJ9.eyJodHRwOi8vc2NoZW1hcy54bWxzb2FwLm9yZy93cy8yMDA1LzA1L2lkZW50aXR5L2NsYWltcy9uYW1lIjoibHlubiIsImh0dHA6Ly9zY2hlbWFzLm1pY3Jvc29mdC5jb20vd3MvMjAwOC8wNi9pZGVudGl0eS9jbGFpbXMvcm9sZSI6IueuoeeQhuWRmOi2heeuoSIsIm5iZiI6MTU5MTM0MzM5NSwiZXhwIjoxNTkxOTQ4MTk1LCJpc3MiOiJodHRwOi8vZndoeXkuY29tIiwiYXVkIjoiaHR0cDovL2Z3aHl5LmNvbSJ9.gpwqmnJfae83N0AVEHxx_8-4huqz53RlIt3dQoPN89c'}
2020-06-05 15:49:56,145 - new_wx - INFO - 登录成功，返回值为{'error_code': 0, 'error_msg': '登陆成功', 'data': {'userId': '7a524a84bc8c4310a1dce126d87175fa', 'userName': 'lynn', 'name': 'lynn', 'photo': 'uploadFiles/userphoto/2020/5/22/7a524a84bc8c4310a1dce126d87175fa/20200522143047484wst.png', 'rightsData': '1,9,2,10,3,11,4,12,14,5,15,16,17,18,7,20,8', 'roleId': '05f3953f97204c11a0d5288b2e0fdefa', 'roleName': '管理员超管', 'createTime': '0001-01-01 00:00:00', 'updateTime': '0001-01-01 00:00:00'}, 'token': 'eyJhbGciOiJIUzI1NiIsInR5cCI6IkpXVCJ9.eyJodHRwOi8vc2NoZW1hcy54bWxzb2FwLm9yZy93cy8yMDA1LzA1L2lkZW50aXR5L2NsYWltcy9uYW1lIjoibHlubiIsImh0dHA6Ly9zY2hlbWFzLm1pY3Jvc29mdC5jb20vd3MvMjAwOC8wNi9pZGVudGl0eS9jbGFpbXMvcm9sZSI6IueuoeeQhuWRmOi2heeuoSIsIm5iZiI6MTU5MTM0MzM5NSwiZXhwIjoxNTkxOTQ4MTk1LCJpc3MiOiJodHRwOi8vZndoeXkuY29tIiwiYXVkIjoiaHR0cDovL2Z3aHl5LmNvbSJ9.gpwqmnJfae83N0AVEHxx_8-4huqz53RlIt3dQoPN89c'}
2020-06-05 15:49:56,145 - new_wx - INFO - token值为Bearer eyJhbGciOiJIUzI1NiIsInR5cCI6IkpXVCJ9.eyJodHRwOi8vc2NoZW1hcy54bWxzb2FwLm9yZy93cy8yMDA1LzA1L2lkZW50aXR5L2NsYWltcy9uYW1lIjoibHlubiIsImh0dHA6Ly9zY2hlbWFzLm1pY3Jvc29mdC5jb20vd3MvMjAwOC8wNi9pZGVudGl0eS9jbGFpbXMvcm9sZSI6IueuoeeQhuWRmOi2heeuoSIsIm5iZiI6MTU5MTM0MzM5NSwiZXhwIjoxNTkxOTQ4MTk1LCJpc3MiOiJodHRwOi8vZndoeXkuY29tIiwiYXVkIjoiaHR0cDovL2Z3aHl5LmNvbSJ9.gpwqmnJfae83N0AVEHxx_8-4huqz53RlIt3dQoPN89c
